[DEBUG] 2021-03-09 13:59:38.374 [main] DraftDao - The list of Drafts: [student.application.entity.Draft@8ac512e, student.application.entity.Draft@4bbc21bd]
[DEBUG] 2021-03-09 14:02:34.478 [main] DraftDao - The list of Drafts: [student.application.entity.Draft@8ac512e, student.application.entity.Draft@4bbc21bd]
[DEBUG] 2021-03-09 14:03:12.450 [main] DraftDao - The list of Drafts: [student.application.entity.Draft@47198524, student.application.entity.Draft@67a0ff25]
[DEBUG] 2021-03-09 14:07:13.223 [main] DraftDao - The list of Drafts: [student.application.entity.Draft@8ac512e, student.application.entity.Draft@4bbc21bd]
[DEBUG] 2021-03-09 14:10:30.672 [main] DraftDao - The list of Drafts: [student.application.entity.Draft@8ac512e, student.application.entity.Draft@4bbc21bd]
[DEBUG] 2021-03-09 14:12:20.333 [main] DraftDao - The list of Drafts: [student.application.entity.Draft@47198524, student.application.entity.Draft@67a0ff25]
[DEBUG] 2021-03-09 14:13:21.107 [main] DraftDao - The list of Drafts: [student.application.entity.Draft@47198524, student.application.entity.Draft@67a0ff25]
[DEBUG] 2021-03-09 14:14:31.196 [main] DraftDao - The list of Drafts: [student.application.entity.Draft@47198524, student.application.entity.Draft@67a0ff25]
[DEBUG] 2021-03-09 14:16:46.952 [main] DraftDao - The list of Drafts: [student.application.entity.Draft@8ac512e, student.application.entity.Draft@4bbc21bd]
[DEBUG] 2021-03-09 14:20:55.191 [main] DraftDao - The list of Drafts: [student.application.entity.Draft@8ac512e, student.application.entity.Draft@4bbc21bd]
[DEBUG] 2021-03-09 14:26:26.910 [main] DraftDao - The list of Drafts: [student.application.entity.Draft@166e5a6d, student.application.entity.Draft@1d55dd21]
[DEBUG] 2021-03-09 14:26:52.197 [main] DraftDao - The list of Drafts: [student.application.entity.Draft@296676c4, student.application.entity.Draft@df7d1d4]
[DEBUG] 2021-03-09 14:27:23.881 [main] DraftDao - The list of Drafts: [student.application.entity.Draft@47198524, student.application.entity.Draft@67a0ff25]
[DEBUG] 2021-03-09 14:31:46.471 [main] DraftDao - The list of Drafts: [student.application.entity.Draft@8ac512e, student.application.entity.Draft@4bbc21bd]
[DEBUG] 2021-03-09 14:35:02.778 [main] DraftDao - The list of Drafts: [student.application.entity.Draft@166e5a6d, student.application.entity.Draft@1d55dd21]
[DEBUG] 2021-03-09 14:36:37.793 [main] DraftDao - The list of Drafts: [student.application.entity.Draft@8ac512e, student.application.entity.Draft@4bbc21bd]
[DEBUG] 2021-03-09 14:38:11.627 [main] DraftDao - The list of Drafts: [student.application.entity.Draft@47198524, student.application.entity.Draft@67a0ff25]
[DEBUG] 2021-03-09 15:34:08.217 [main] DraftDao - The list of Drafts: [student.application.entity.Draft@8ac512e, student.application.entity.Draft@4bbc21bd]
[DEBUG] 2021-03-09 15:40:46.649 [main] DraftDao - The list of Drafts: [student.application.entity.Draft@47198524, student.application.entity.Draft@67a0ff25]
[DEBUG] 2021-03-09 15:49:36.920 [http-nio-8080-exec-32] DraftDao - The list of Drafts: [student.application.entity.Draft@90ff62a, student.application.entity.Draft@2185407b, student.application.entity.Draft@6390d057]
[DEBUG] 2021-03-09 15:50:06.695 [main] DraftDao - The list of Drafts: [student.application.entity.Draft@8ac512e, student.application.entity.Draft@4bbc21bd]
[DEBUG] 2021-03-09 15:50:15.364 [http-nio-8080-exec-32] DraftDao - The list of Drafts: [student.application.entity.Draft@6a613eda, student.application.entity.Draft@77bf6ac6, student.application.entity.Draft@16aa35fb]
[DEBUG] 2021-03-09 15:50:17.012 [http-nio-8080-exec-27] DraftDao - The list of Drafts: [student.application.entity.Draft@4acc40db, student.application.entity.Draft@3aaaf836, student.application.entity.Draft@392493de]
[DEBUG] 2021-03-09 15:51:26.347 [main] DraftDao - The list of Drafts: [student.application.entity.Draft@8ac512e, student.application.entity.Draft@4bbc21bd]
[DEBUG] 2021-03-09 15:51:54.083 [http-nio-8080-exec-36] DraftDao - The list of Drafts: [student.application.entity.Draft@4b3f46d4, student.application.entity.Draft@236488ef, student.application.entity.Draft@12ad1858]
[DEBUG] 2021-03-09 15:58:05.674 [main] DraftDao - The list of Drafts: [student.application.entity.Draft@8ac512e, student.application.entity.Draft@4bbc21bd]
[DEBUG] 2021-03-09 15:58:14.190 [http-nio-8080-exec-52] DraftDao - The list of Drafts: [student.application.entity.Draft@3e19ddb6, student.application.entity.Draft@4ee06c3d, student.application.entity.Draft@555425e1]
[DEBUG] 2021-03-09 16:00:16.022 [main] DraftDao - The list of Drafts: [student.application.entity.Draft@8ac512e, student.application.entity.Draft@4bbc21bd]
[DEBUG] 2021-03-09 16:00:24.078 [http-nio-8080-exec-61] DraftDao - The list of Drafts: [student.application.entity.Draft@7305745, student.application.entity.Draft@2b8de659, student.application.entity.Draft@4a50ae4b]
[DEBUG] 2021-03-09 16:01:03.894 [main] DraftDao - The list of Drafts: [student.application.entity.Draft@47198524, student.application.entity.Draft@67a0ff25]
[DEBUG] 2021-03-09 16:03:11.991 [http-nio-8080-exec-68] DraftDao - The list of Drafts: [student.application.entity.Draft@4e7e73f3, student.application.entity.Draft@426376d9, student.application.entity.Draft@6bc8bef]
[DEBUG] 2021-03-09 16:03:44.320 [main] DraftDao - The list of Drafts: [student.application.entity.Draft@47198524, student.application.entity.Draft@67a0ff25]
[DEBUG] 2021-03-09 16:04:17.117 [http-nio-8080-exec-47] DraftDao - The list of Drafts: [student.application.entity.Draft@4187bc0a, student.application.entity.Draft@2edcc788, student.application.entity.Draft@45a407a7]
[DEBUG] 2021-03-09 16:04:18.395 [http-nio-8080-exec-58] DraftDao - The list of Drafts: [student.application.entity.Draft@45ebdf91, student.application.entity.Draft@540f558e, student.application.entity.Draft@3314df2c]
[DEBUG] 2021-03-09 16:04:19.422 [http-nio-8080-exec-70] DraftDao - The list of Drafts: [student.application.entity.Draft@1316b5b2, student.application.entity.Draft@51fd71c2, student.application.entity.Draft@10c020d3]
[DEBUG] 2021-03-09 16:07:52.864 [main] DraftDao - The list of Drafts: [student.application.entity.Draft@47198524, student.application.entity.Draft@67a0ff25]
[DEBUG] 2021-03-09 16:15:15.466 [main] DraftDao - The list of Drafts: [student.application.entity.Draft@8ac512e, student.application.entity.Draft@4bbc21bd]
[DEBUG] 2021-03-09 16:56:39.012 [main] DraftDao - The list of Drafts: [student.application.entity.Draft@47198524, student.application.entity.Draft@67a0ff25]
[DEBUG] 2021-03-09 18:16:15.041 [main] DraftDao - The list of Drafts: [student.application.entity.Draft@47198524, student.application.entity.Draft@67a0ff25]
[DEBUG] 2021-03-09 18:22:40.881 [main] DraftDao - The list of Drafts: [student.application.entity.Draft@47198524, student.application.entity.Draft@67a0ff25]
[DEBUG] 2021-03-09 18:26:14.165 [main] DraftDao - The list of Drafts: [student.application.entity.Draft@47198524, student.application.entity.Draft@67a0ff25]
[DEBUG] 2021-03-09 18:26:31.468 [http-nio-8080-exec-10] DraftDao - The list of Drafts: [student.application.entity.Draft@457f8ec9, student.application.entity.Draft@5d30aa30, student.application.entity.Draft@460e323f]
[DEBUG] 2021-03-09 18:29:31.356 [main] DraftDao - The list of Drafts: [student.application.entity.Draft@47198524, student.application.entity.Draft@67a0ff25]
[DEBUG] 2021-03-09 18:29:47.608 [http-nio-8080-exec-10] DraftDao - The list of Drafts: [student.application.entity.Draft@2f0420b0, student.application.entity.Draft@2da418f2, student.application.entity.Draft@55616f69]
[DEBUG] 2021-03-09 18:57:06.454 [main] DraftDao - The list of Drafts: [student.application.entity.Draft@47198524, student.application.entity.Draft@67a0ff25]
[DEBUG] 2021-03-09 18:57:43.240 [main] DraftDao - The list of Drafts: [student.application.entity.Draft@47198524, student.application.entity.Draft@67a0ff25]
[DEBUG] 2021-03-09 18:58:01.628 [http-nio-8080-exec-9] DraftDao - The list of Drafts: [student.application.entity.Draft@39569eff, student.application.entity.Draft@8d6bdb7, student.application.entity.Draft@5e8ba57d]
[DEBUG] 2021-03-09 19:04:58.791 [main] DraftDao - The list of Drafts: [student.application.entity.Draft@8ac512e, student.application.entity.Draft@4bbc21bd]
[DEBUG] 2021-03-09 19:07:26.997 [main] DraftDao - The list of Drafts: [student.application.entity.Draft@47198524, student.application.entity.Draft@67a0ff25]
[DEBUG] 2021-03-09 19:10:08.018 [main] DraftDao - The list of Drafts: [student.application.entity.Draft@3f322610, student.application.entity.Draft@1e477944]
[DEBUG] 2021-03-09 20:46:51.511 [main] DraftDao - The list of Drafts: [student.application.entity.Draft@416a4275, student.application.entity.Draft@27502e5c, student.application.entity.Draft@4b343b6d]
[DEBUG] 2021-03-09 20:48:05.515 [main] DraftDao - The list of Drafts: [student.application.entity.Draft@2c674d58, student.application.entity.Draft@3e39e0fb, student.application.entity.Draft@260d48f5, student.application.entity.Draft@148ab138]
[DEBUG] 2021-03-09 20:48:58.318 [main] DraftDao - The list of Drafts: [student.application.entity.Draft@6ce2e079, student.application.entity.Draft@131ba005, student.application.entity.Draft@7f305f34, student.application.entity.Draft@1a84a8b2, student.application.entity.Draft@601d295]
[DEBUG] 2021-03-09 20:50:14.230 [main] DraftDao - The list of Drafts: [student.application.entity.Draft@6ce2e079, student.application.entity.Draft@131ba005, student.application.entity.Draft@7f305f34, student.application.entity.Draft@1a84a8b2, student.application.entity.Draft@601d295, student.application.entity.Draft@485451d8]
[DEBUG] 2021-03-09 20:51:18.342 [main] DraftDao - The list of Drafts: [student.application.entity.Draft@79b63325]
[DEBUG] 2021-03-09 20:51:46.766 [main] DraftDao - The list of Drafts: [student.application.entity.Draft@6ce2e079, student.application.entity.Draft@131ba005]
[DEBUG] 2021-03-09 20:53:27.446 [main] DraftDao - The list of Drafts: [student.application.entity.Draft@79b63325, student.application.entity.Draft@708769b7]
[DEBUG] 2021-03-09 20:53:45.949 [http-nio-8080-exec-9] DraftDao - The list of Drafts: [student.application.entity.Draft@6e3a530b, student.application.entity.Draft@64f9c8e6, student.application.entity.Draft@33a53b27]
[DEBUG] 2021-03-09 21:01:03.084 [main] DraftDao - The list of Drafts: [student.application.entity.Draft@6ce2e079, student.application.entity.Draft@131ba005, student.application.entity.Draft@7f305f34]
[DEBUG] 2021-03-09 21:01:50.388 [main] DraftDao - The list of Drafts: [student.application.entity.Draft@2c674d58, student.application.entity.Draft@3e39e0fb, student.application.entity.Draft@260d48f5, student.application.entity.Draft@148ab138]
[DEBUG] 2021-03-09 21:02:27.489 [main] DraftDao - The list of Drafts: [student.application.entity.Draft@3e39e0fb, student.application.entity.Draft@7f305f34, student.application.entity.Draft@1a84a8b2, student.application.entity.Draft@601d295, student.application.entity.Draft@485451d8]
[DEBUG] 2021-03-09 21:04:07.428 [main] DraftDao - The list of Drafts: [student.application.entity.Draft@8ac512e, student.application.entity.Draft@4bbc21bd]
[DEBUG] 2021-03-09 21:06:00.130 [main] DraftDao - The list of Drafts: [student.application.entity.Draft@8ac512e, student.application.entity.Draft@4bbc21bd]
[DEBUG] 2021-03-09 21:07:12.604 [http-nio-8080-exec-14] DraftDao - The list of Drafts: [student.application.entity.Draft@7a21451a, student.application.entity.Draft@61650e6a, student.application.entity.Draft@f4ea41d]
[DEBUG] 2021-03-09 21:08:16.152 [main] DraftDao - The list of Drafts: [student.application.entity.Draft@47198524, student.application.entity.Draft@67a0ff25]
[DEBUG] 2021-03-09 21:26:24.319 [main] DraftDao - The list of Drafts: [student.application.entity.Draft@47198524, student.application.entity.Draft@67a0ff25]
[DEBUG] 2021-03-09 21:30:30.334 [main] DraftDao - The list of Drafts: [student.application.entity.Draft@8ac512e, student.application.entity.Draft@4bbc21bd]
[DEBUG] 2021-03-23 10:35:05.480 [main] DraftDao - The list of Drafts: [student.application.entity.Draft@8ac512e, student.application.entity.Draft@4bbc21bd]
[DEBUG] 2021-03-23 10:36:46.737 [main] DraftDao - The list of Drafts: [student.application.entity.Draft@8ac512e, student.application.entity.Draft@4bbc21bd]
[DEBUG] 2021-03-23 10:38:27.536 [main] DraftDao - The list of Drafts: [student.application.entity.Draft@47198524, student.application.entity.Draft@67a0ff25]
[DEBUG] 2021-03-23 10:40:22.233 [main] DraftDao - The list of Drafts: [student.application.entity.Draft@d85b399, student.application.entity.Draft@674aa626]
[DEBUG] 2021-03-23 10:42:04.320 [main] DraftDao - The list of Drafts: [student.application.entity.Draft@47198524, student.application.entity.Draft@67a0ff25]
[DEBUG] 2021-03-23 10:44:31.097 [main] DraftDao - The list of Drafts: [student.application.entity.Draft@8ac512e, student.application.entity.Draft@4bbc21bd]
[DEBUG] 2021-03-23 11:19:49.570 [main] DraftDao - The list of Drafts: [student.application.entity.Draft@47198524, student.application.entity.Draft@67a0ff25]
[DEBUG] 2021-03-23 11:24:49.643 [main] DraftDao - The list of Drafts: [student.application.entity.Draft@47198524, student.application.entity.Draft@67a0ff25]
[DEBUG] 2021-03-23 11:25:17.224 [main] DraftDao - The list of Drafts: [student.application.entity.Draft@8ac512e, student.application.entity.Draft@4bbc21bd]
[DEBUG] 2021-03-23 11:34:07.633 [main] DraftDao - The list of Drafts: [student.application.entity.Draft@8ac512e, student.application.entity.Draft@4bbc21bd]
[DEBUG] 2021-03-23 14:17:27.495 [main] DraftDao - The list of Drafts: [student.application.entity.Draft@674aa626, student.application.entity.Draft@4dd1d2bb]
[DEBUG] 2021-03-23 14:17:44.588 [http-nio-8080-exec-6] DraftDao - The list of Drafts: [student.application.entity.Draft@a3ae0c6, student.application.entity.Draft@533d7091, student.application.entity.Draft@2a7e1425]
[DEBUG] 2021-03-23 14:17:45.857 [http-nio-8080-exec-9] DraftDao - The list of Drafts: [student.application.entity.Draft@1f40a9c5, student.application.entity.Draft@775d4933, student.application.entity.Draft@6855c1ec]
[DEBUG] 2021-03-23 14:26:27.012 [main] DraftDao - The list of Drafts: [student.application.entity.Draft@674aa626, student.application.entity.Draft@4dd1d2bb]
[DEBUG] 2021-03-23 14:29:14.063 [main] DraftDao - The list of Drafts: [student.application.entity.Draft@5fa0141f, student.application.entity.Draft@6caeba36]
[DEBUG] 2021-03-23 14:43:02.660 [main] DraftDao - The list of Drafts: [student.application.entity.Draft@674aa626, student.application.entity.Draft@4dd1d2bb]
[DEBUG] 2021-03-23 14:44:15.105 [main] DraftDao - The list of Drafts: [student.application.entity.Draft@674aa626, student.application.entity.Draft@4dd1d2bb]
[DEBUG] 2021-03-23 14:44:44.889 [main] DraftDao - The list of Drafts: [student.application.entity.Draft@5fa0141f, student.application.entity.Draft@6caeba36]
[DEBUG] 2021-03-23 14:45:00.609 [http-nio-8080-exec-6] DraftDao - The list of Drafts: [student.application.entity.Draft@1ffe87d, student.application.entity.Draft@49e097b6, student.application.entity.Draft@3ba51729]
[DEBUG] 2021-03-23 14:45:01.501 [http-nio-8080-exec-9] DraftDao - The list of Drafts: [student.application.entity.Draft@619e7555, student.application.entity.Draft@57e5755c, student.application.entity.Draft@3257fd5e]
[DEBUG] 2021-03-23 14:46:59.703 [main] DraftDao - The list of Drafts: [student.application.entity.Draft@674aa626, student.application.entity.Draft@4dd1d2bb]
[DEBUG] 2021-03-23 14:56:48.714 [main] DraftDao - The list of Drafts: [student.application.entity.Draft@5fa0141f, student.application.entity.Draft@6caeba36]
[DEBUG] 2021-03-23 14:58:37.699 [main] DraftDao - The list of Drafts: [student.application.entity.Draft@674aa626, student.application.entity.Draft@4dd1d2bb]
[DEBUG] 2021-03-23 15:02:15.660 [main] DraftDao - The list of Drafts: [student.application.entity.Draft@4bbc21bd, student.application.entity.Draft@14e3d439]
[DEBUG] 2021-03-23 15:04:36.450 [main] DraftDao - The list of Drafts: [student.application.entity.Draft@674aa626, student.application.entity.Draft@4dd1d2bb]
[DEBUG] 2021-03-23 15:04:53.283 [http-nio-8080-exec-6] DraftDao - The list of Drafts: [student.application.entity.Draft@190f0e34, student.application.entity.Draft@3c385f3f, student.application.entity.Draft@4a76fc7b]
[DEBUG] 2021-03-23 15:04:54.104 [http-nio-8080-exec-8] DraftDao - The list of Drafts: [student.application.entity.Draft@31e5a16a, student.application.entity.Draft@6bf66386, student.application.entity.Draft@28584995]
[DEBUG] 2021-03-23 15:05:08.405 [http-nio-8080-exec-3] DraftDao - The list of Drafts: [student.application.entity.Draft@260219fb, student.application.entity.Draft@313a9dbb, student.application.entity.Draft@31cc179e]
[DEBUG] 2021-03-23 15:05:14.992 [http-nio-8080-exec-6] DraftDao - The list of Drafts: [student.application.entity.Draft@2305a561, student.application.entity.Draft@108a594b, student.application.entity.Draft@45521aa1]
[DEBUG] 2021-03-23 15:05:21.414 [http-nio-8080-exec-7] DraftDao - The list of Drafts: [student.application.entity.Draft@12e9067d, student.application.entity.Draft@6a91bca4, student.application.entity.Draft@5d8d9ca2]
[DEBUG] 2021-03-23 15:07:12.313 [main] DraftDao - The list of Drafts: [student.application.entity.Draft@674aa626, student.application.entity.Draft@4dd1d2bb]
[DEBUG] 2021-03-23 15:07:25.764 [http-nio-8080-exec-4] DraftDao - The list of Drafts: [student.application.entity.Draft@4f838473, student.application.entity.Draft@4736ee6, student.application.entity.Draft@118e2af9]
[DEBUG] 2021-03-23 15:07:26.785 [http-nio-8080-exec-7] DraftDao - The list of Drafts: [student.application.entity.Draft@6db9b690, student.application.entity.Draft@41618964, student.application.entity.Draft@32f8a66f]
[DEBUG] 2021-03-23 15:29:01.832 [main] DraftDao - The list of Drafts: [student.application.entity.Draft@674aa626, student.application.entity.Draft@4dd1d2bb]
[DEBUG] 2021-03-23 15:29:17.024 [http-nio-8080-exec-8] DraftDao - The list of Drafts: [student.application.entity.Draft@4ed29589, student.application.entity.Draft@600016eb, student.application.entity.Draft@5b61d349]
[DEBUG] 2021-03-23 15:30:09.164 [main] DraftDao - The list of Drafts: [student.application.entity.Draft@5fa0141f, student.application.entity.Draft@6caeba36]
[DEBUG] 2021-03-23 15:30:46.992 [http-nio-8080-exec-18] DraftDao - The list of Drafts: [student.application.entity.Draft@1c30d6b4, student.application.entity.Draft@1d032f84, student.application.entity.Draft@5e8e094]
[DEBUG] 2021-03-23 15:31:04.756 [http-nio-8080-exec-17] DraftDao - The list of Drafts: [student.application.entity.Draft@2a12d1ab, student.application.entity.Draft@556a31dd, student.application.entity.Draft@47723f89]
[DEBUG] 2021-03-23 15:41:00.185 [main] DraftDao - The list of Drafts: [student.application.entity.Draft@79b63325, student.application.entity.Draft@708769b7]
[DEBUG] 2021-03-23 15:41:15.311 [http-nio-8080-exec-6] DraftDao - The list of Drafts: [student.application.entity.Draft@637e0eeb, student.application.entity.Draft@6c217d33, student.application.entity.Draft@6226aac2]
[DEBUG] 2021-03-23 15:41:16.123 [http-nio-8080-exec-9] DraftDao - The list of Drafts: [student.application.entity.Draft@f7bb31d, student.application.entity.Draft@4b2601b, student.application.entity.Draft@15084bdc]
[DEBUG] 2021-03-23 15:52:27.529 [main] DraftDao - The list of Drafts: [student.application.entity.Draft@6ce2e079, student.application.entity.Draft@131ba005, student.application.entity.Draft@7f305f34]
[DEBUG] 2021-03-23 15:54:21.203 [main] DraftDao - The list of Drafts: [student.application.entity.Draft@2c674d58, student.application.entity.Draft@3e39e0fb, student.application.entity.Draft@260d48f5, student.application.entity.Draft@148ab138]
[DEBUG] 2021-03-23 16:03:15.603 [main] DraftDao - The list of Drafts: [student.application.entity.Draft@2c7ad4f3, student.application.entity.Draft@3dbb3fb7]
[DEBUG] 2021-03-23 16:03:39.860 [main] DraftDao - The list of Drafts: [student.application.entity.Draft@3f322610, student.application.entity.Draft@1e477944]
[DEBUG] 2021-04-01 17:58:37.417 [main] DraftDao - The list of Drafts: [student.application.entity.Draft@2c674d58, student.application.entity.Draft@3e39e0fb, student.application.entity.Draft@260d48f5]
[DEBUG] 2021-04-05 13:25:45.584 [main] DraftDao - The list of Drafts: [student.application.entity.Draft@6ce2e079, student.application.entity.Draft@131ba005, student.application.entity.Draft@7f305f34, student.application.entity.Draft@1a84a8b2]
